2016-09-01 07:28:57,377 [1] INFO  ConsoleApplication2.Program - Info loggingxxxx
 ConsoleApplication2.Programname2016-09-01 07:28:57,392 [5] INFO  ConsoleApplication2.Program - 5 minutes have passed!
 ConsoleApplication2.Programname2016-09-01 07:28:58,407 [5] INFO  ConsoleApplication2.Program - 5 minutes have passed!
 ConsoleApplication2.Programname2016-09-01 07:28:59,412 [5] INFO  ConsoleApplication2.Program - 5 minutes have passed!
 ConsoleApplication2.Programname2016-09-01 07:29:00,421 [5] INFO  ConsoleApplication2.Program - 5 minutes have passed!
 ConsoleApplication2.Programname2016-09-01 07:29:01,427 [5] INFO  ConsoleApplication2.Program - 5 minutes have passed!
 ConsoleApplication2.Programname2016-09-01 07:29:02,437 [5] INFO  ConsoleApplication2.Program - 5 minutes have passed!
 ConsoleApplication2.Programname2016-09-01 07:29:03,439 [5] INFO  ConsoleApplication2.Program - 5 minutes have passed!
 ConsoleApplication2.Programname2016-09-01 07:29:04,443 [5] INFO  ConsoleApplication2.Program - 5 minutes have passed!
 ConsoleApplication2.Programname2016-09-01 07:30:12,097 [1] INFO  ConsoleApplication2.Program - Info loggingxxxx
 ConsoleApplication2.Programname2016-09-01 07:30:12,117 [5] INFO  ConsoleApplication2.Program - 5 minutes have passed!
 ConsoleApplication2.Programname2016-09-01 07:30:12,118 [5] INFO  ConsoleApplication2.Program - 1  22 ??3 5,4
 ConsoleApplication2.Programname2016-09-01 07:30:12,118 [5] INFO  ConsoleApplication2.Program - String[] {1, 22, ??3, 5,4}
 ConsoleApplication2.Programname2016-09-01 07:30:13,121 [5] INFO  ConsoleApplication2.Program - 5 minutes have passed!
 ConsoleApplication2.Programname2016-09-01 07:30:14,122 [5] INFO  ConsoleApplication2.Program - 5 minutes have passed!
 ConsoleApplication2.Programname2016-09-01 07:30:15,123 [5] INFO  ConsoleApplication2.Program - 5 minutes have passed!
 ConsoleApplication2.Programname2016-09-01 07:30:16,132 [5] INFO  ConsoleApplication2.Program - 5 minutes have passed!
 ConsoleApplication2.Programname2016-09-01 07:30:17,135 [5] INFO  ConsoleApplication2.Program - 5 minutes have passed!
 ConsoleApplication2.Programname2016-09-01 07:30:18,144 [5] INFO  ConsoleApplication2.Program - 5 minutes have passed!
 ConsoleApplication2.Programname2016-09-01 07:30:19,159 [5] INFO  ConsoleApplication2.Program - 5 minutes have passed!
 ConsoleApplication2.Programname2016-09-01 07:31:28,734 [1] INFO  ConsoleApplication2.Program - Info loggingxxxx
 ConsoleApplication2.Programname2016-09-01 07:31:28,749 [5] INFO  ConsoleApplication2.Program - 5 minutes have passed!
 ConsoleApplication2.Programname2016-09-01 07:31:28,749 [5] INFO  ConsoleApplication2.Program - 1  22 ,3 5,4
 ConsoleApplication2.Programname2016-09-01 07:31:28,749 [5] INFO  ConsoleApplication2.Program - String[] {1, 22, ,3, 5,4}
 ConsoleApplication2.Programname2016-09-01 07:31:29,774 [5] INFO  ConsoleApplication2.Program - 5 minutes have passed!
 ConsoleApplication2.Programname2016-09-01 07:31:30,781 [7] INFO  ConsoleApplication2.Program - 5 minutes have passed!
 ConsoleApplication2.Programname2016-09-01 07:31:31,785 [5] INFO  ConsoleApplication2.Program - 5 minutes have passed!
 ConsoleApplication2.Programname2016-09-01 07:31:32,797 [7] INFO  ConsoleApplication2.Program - 5 minutes have passed!
 ConsoleApplication2.Programname2016-09-01 07:31:33,813 [5] INFO  ConsoleApplication2.Program - 5 minutes have passed!
 ConsoleApplication2.Programname2016-09-01 07:31:34,819 [7] INFO  ConsoleApplication2.Program - 5 minutes have passed!
 ConsoleApplication2.Programname2016-09-01 07:31:35,824 [5] INFO  ConsoleApplication2.Program - 5 minutes have passed!
 ConsoleApplication2.Programname2016-09-01 07:31:36,839 [7] INFO  ConsoleApplication2.Program - 5 minutes have passed!
 ConsoleApplication2.Programname2016-09-01 07:31:37,853 [5] INFO  ConsoleApplication2.Program - 5 minutes have passed!
 ConsoleApplication2.Programname2016-09-01 07:31:38,868 [7] INFO  ConsoleApplication2.Program - 5 minutes have passed!
 ConsoleApplication2.Programname2016-09-01 07:31:39,885 [5] INFO  ConsoleApplication2.Program - 5 minutes have passed!
 ConsoleApplication2.Programname2016-09-01 07:31:40,898 [7] INFO  ConsoleApplication2.Program - 5 minutes have passed!
 ConsoleApplication2.Programname2016-09-01 07:31:44,329 [5] INFO  ConsoleApplication2.Program - 5 minutes have passed!
 ConsoleApplication2.Programname2016-09-01 07:31:44,330 [7] INFO  ConsoleApplication2.Program - 5 minutes have passed!
 ConsoleApplication2.Programname2016-09-01 07:31:44,331 [6] INFO  ConsoleApplication2.Program - 5 minutes have passed!
 ConsoleApplication2.Programname2016-09-01 08:12:07,295 [1] INFO  ConsoleApplication2.Program - Info loggingxxxx
 ConsoleApplication2.Programname2016-09-01 08:12:07,311 [5] INFO  ConsoleApplication2.Program - 5 minutes have passed!
 ConsoleApplication2.Programname2016-09-01 08:12:08,318 [5] INFO  ConsoleApplication2.Program - 5 minutes have passed!
 ConsoleApplication2.Programname2016-09-01 08:12:09,324 [5] INFO  ConsoleApplication2.Program - 5 minutes have passed!
 ConsoleApplication2.Programname2016-09-01 08:12:10,326 [5] INFO  ConsoleApplication2.Program - 5 minutes have passed!
 ConsoleApplication2.Programname2016-09-01 08:12:11,327 [5] INFO  ConsoleApplication2.Program - 5 minutes have passed!
 ConsoleApplication2.Programname2016-09-01 08:12:48,608 [1] INFO  ConsoleApplication2.Program - Info loggingxxxx
 ConsoleApplication2.Programname2016-09-01 08:12:48,628 [5] INFO  ConsoleApplication2.Program - 5 minutes have passed!
 ConsoleApplication2.Programname2016-09-01 08:12:49,631 [5] INFO  ConsoleApplication2.Program - 5 minutes have passed!
 ConsoleApplication2.Programname2016-09-01 08:12:50,636 [5] INFO  ConsoleApplication2.Program - 5 minutes have passed!
 ConsoleApplication2.Programname2016-09-01 08:12:51,647 [5] INFO  ConsoleApplication2.Program - 5 minutes have passed!
 ConsoleApplication2.Programname2016-09-01 08:13:39,094 [1] INFO  ConsoleApplication2.Program - Order process starts!
 ConsoleApplication2.Programname2016-09-01 08:13:39,116 [5] INFO  ConsoleApplication2.Program - 5 minutes have passed!
 ConsoleApplication2.Programname2016-09-01 08:13:40,117 [5] INFO  ConsoleApplication2.Program - 5 minutes have passed!
 ConsoleApplication2.Programname2016-09-01 08:13:41,121 [5] INFO  ConsoleApplication2.Program - 5 minutes have passed!
 ConsoleApplication2.Programname2016-09-01 08:13:42,129 [5] INFO  ConsoleApplication2.Program - 5 minutes have passed!
 ConsoleApplication2.Programname2016-09-01 11:16:34,838 [1] INFO  ConsoleApplication2.Program - Order process starts!
 ConsoleApplication2.Programname2016-09-01 11:16:34,854 [5] INFO  ConsoleApplication2.Program - 5 minutes have passed!
 ConsoleApplication2.Programname2016-09-01 11:16:34,854 [5] INFO  ConsoleApplication2.Program - add    1  2  3 4
 ConsoleApplication2.Programname2016-09-01 11:16:34,854 [5] INFO  ConsoleApplication2.Program - String[] {add, 1, 2, 3, 4}
 ConsoleApplication2.Programname2016-09-01 11:16:34,854 [5] INFO  ConsoleApplication2.Program - Enter addOder function!
 ConsoleApplication2.Programname2016-09-01 11:16:34,854 [5] INFO  ConsoleApplication2.Program - del a b c d
 ConsoleApplication2.Programname2016-09-01 11:16:34,854 [5] INFO  ConsoleApplication2.Program - String[] {del, a, b, c, d}
 ConsoleApplication2.Programname2016-09-01 11:16:34,854 [5] INFO  ConsoleApplication2.Program - Enter delOder function!
 ConsoleApplication2.Programname2016-09-01 11:16:34,854 [5] INFO  ConsoleApplication2.Program - modify     c d
 ConsoleApplication2.Programname2016-09-01 11:16:34,854 [5] INFO  ConsoleApplication2.Program - String[] {modify, c, d}
 ConsoleApplication2.Programname2016-09-01 11:16:34,854 [5] INFO  ConsoleApplication2.Program - Enter modifyOder function!
 ConsoleApplication2.Programname2016-09-01 11:16:34,854 [5] INFO  ConsoleApplication2.Program - ddd  dee e
 ConsoleApplication2.Programname2016-09-01 11:16:34,854 [5] INFO  ConsoleApplication2.Program - String[] {ddd, dee, e}
 ConsoleApplication2.Programname2016-09-01 11:16:34,854 [5] WARN  ConsoleApplication2.Program - Not valid type!
 ConsoleApplication2.Programname2016-09-01 11:16:35,871 [5] INFO  ConsoleApplication2.Program - 5 minutes have passed!
 ConsoleApplication2.Programname2016-09-01 11:16:36,873 [7] INFO  ConsoleApplication2.Program - 5 minutes have passed!
 ConsoleApplication2.Programname2016-09-01 11:16:37,875 [5] INFO  ConsoleApplication2.Program - 5 minutes have passed!
 ConsoleApplication2.Programname2016-09-01 11:16:38,886 [7] INFO  ConsoleApplication2.Program - 5 minutes have passed!
 ConsoleApplication2.Programname2016-09-01 11:16:39,897 [5] INFO  ConsoleApplication2.Program - 5 minutes have passed!
 ConsoleApplication2.Programname2016-09-01 11:16:40,914 [7] INFO  ConsoleApplication2.Program - 5 minutes have passed!
 ConsoleApplication2.Programname2016-09-01 11:16:41,927 [5] INFO  ConsoleApplication2.Program - 5 minutes have passed!
 ConsoleApplication2.Programname2016-09-01 11:16:42,940 [7] INFO  ConsoleApplication2.Program - 5 minutes have passed!
 ConsoleApplication2.Programname2016-09-01 11:16:43,941 [5] INFO  ConsoleApplication2.Program - 5 minutes have passed!
 ConsoleApplication2.Programname2016-09-01 11:16:44,954 [7] INFO  ConsoleApplication2.Program - 5 minutes have passed!
 ConsoleApplication2.Programname2016-09-01 11:16:45,963 [5] INFO  ConsoleApplication2.Program - 5 minutes have passed!
 ConsoleApplication2.Programname2016-09-01 11:16:46,971 [7] INFO  ConsoleApplication2.Program - 5 minutes have passed!
 ConsoleApplication2.Programname2016-09-01 11:16:47,986 [5] INFO  ConsoleApplication2.Program - 5 minutes have passed!
 ConsoleApplication2.Programname2016-09-01 11:16:48,986 [7] INFO  ConsoleApplication2.Program - 5 minutes have passed!
 ConsoleApplication2.Programname2016-09-01 11:16:49,996 [7] INFO  ConsoleApplication2.Program - 5 minutes have passed!
 ConsoleApplication2.Programname2016-09-01 11:16:51,010 [5] INFO  ConsoleApplication2.Program - 5 minutes have passed!
 ConsoleApplication2.Programname2016-09-01 11:16:52,015 [7] INFO  ConsoleApplication2.Program - 5 minutes have passed!
 ConsoleApplication2.Programname